2025-10-16 17:02:03.979: [INFO] VisibilityChanged: 0
2025-10-16 17:02:04.058: [INFO] RecordSyncInitDuration has_sync_been_enabled: 0 state: 0
2025-10-16 17:02:04.062: [INFO] RecordSyncInitDuration has_sync_been_enabled: 0 state: 0
2025-10-16 17:02:04.065: [INFO] RecordSyncInitDuration has_sync_been_enabled: 0 state: 0
2025-10-16 17:02:04.069: [INFO] RecordSyncInitDuration has_sync_been_enabled: 0 state: 0
2025-10-16 17:02:04.071: [INFO] RecordSyncInitDuration has_sync_been_enabled: 0 state: 0
2025-10-16 17:02:04.073: [INFO] RecordSyncInitDuration has_sync_been_enabled: 0 state: 0
2025-10-16 17:02:04.075: [INFO] RecordSyncInitDuration has_sync_been_enabled: 0 state: 0
2025-10-16 17:02:04.076: [INFO] RecordSyncInitDuration has_sync_been_enabled: 0 state: 0
2025-10-16 17:02:04.079: [INFO] RecordSyncInitDuration has_sync_been_enabled: 0 state: 0
2025-10-16 17:02:04.082: [INFO] RecordSyncInitDuration has_sync_been_enabled: 0 state: 0
2025-10-16 17:02:04.085: [INFO] RecordSyncInitDuration has_sync_been_enabled: 0 state: 0
2025-10-16 17:02:04.103: [INFO] BookmarkNodeAdded, ABU: 0
2025-10-16 17:02:04.103: [INFO] BookmarkModelLoaded, ids_reassigned: 0
2025-10-16 17:02:04.103: [INFO] OnDoneLoading sync enabled: 0
2025-10-16 17:02:04.217: [INFO] RecordSyncInitDuration has_sync_been_enabled: 0 state: 0
2025-10-16 17:02:04.456: [INFO] RecordSyncInitDuration has_sync_been_enabled: 0 state: 3
2025-10-16 17:02:04.460: [INFO] Primary account changed.
2025-10-16 17:02:04.460: [INFO] OnPrimaryAccountChanged PrimaryAccountChangeEvent::Type::kSet
2025-10-16 17:02:04.472: [INFO] RecordSyncInitDuration has_sync_been_enabled: 0 state: 3
2025-10-16 17:02:04.850: [INFO] RecordSyncInitDuration has_sync_been_enabled: 0 state: 3
2025-10-16 17:02:08.117: [INFO] BookmarkNodeAdded, ABU: 0
2025-10-16 17:02:08.117: [INFO] BookmarkNodeAdded, ABU: 0
2025-10-16 17:02:08.118: [INFO] BookmarkNodeAdded, ABU: 0
2025-10-16 17:02:08.118: [INFO] BookmarkNodeAdded, ABU: 0
2025-10-16 17:02:08.589: [INFO] Sync initialization duration: 3484ms
