{"logTime": "1016/170206", "correlationVector":"fSFWE/zFMsfaAVNFRp9URr.1","action":"SyncServerConnectionManagerRequest", "result":"SYNC_SERVER_OK", "context":{"environment":"Prod_southindia_prod-s01-004-apac-southindia", "migrationStage":"NotStarted", "server":"akswtt019000021"}}
{"logTime": "1016/170206", "correlationVector":"fSFWE/zFMsfaAVNFRp9URr.2","action":"ProcessGetUpdates", "result":"Done", "context":{"dataType":"Encryption Keys", "deleted":"0", "process_failed_to_decrypt":"0", "process_pending_decryption":"0", "process_success":"1", "total":"1"}}
{"logTime": "1016/170207", "correlationVector":"xz2iuWH2EbhFGaJXCSJekA","action":"SyncServerConnectionManagerRequest", "result":"SYNC_SERVER_OK", "context":{"environment":"", "migrationStage":"", "server":""}}
{"logTime": "1016/170207", "correlationVector":"xz2iuWH2EbhFGaJXCSJekA.0","action":"EncryptionKeysFetcher.DownloadKeys:", "result":"Success", "context":Key count: 5, Last key timestamp: 2025-07-11T12:09:16Z}
{"logTime": "1016/170207", "correlationVector":"xz2iuWH2EbhFGaJXCSJekA.1","action":"EncryptionKeysManager::SetEncryptionKeys:", "result":"Success", "context":Key names[5]:[71TibeYm2dnxcn/JwJ/wtiULIG5GnTjC9C2kVUTN+vt7/6rcoBH/OLdZbZD3u5W6ndz8hSThwo0uxoaQk/qZfw==][MGczeI0zU6nZ0ZPS/dhRuCPFLIUnAhJvjhTEcV13k0IjaZLqBNLN5+yGmrlcoGw0MUFgekqKxr9wQwQhxcLbTg==][wTcUODflDoFBfLdLZk+guoyWAr1lK2Xe7Z0fnqGXSG13C5vH4ejBBYBqooe8Oj1dqwm7D0+BuTfqcs9dDthg7Q==][Or86YnAsG64FKrJBBZnmIezN0bIhjbkLhhcBVEIvazV8S3yds+Oq1PknOuhnyJ3fS5QgB7GzU8vDmyVPcGFFIA==][uVwzpyGqQ4BlsIp941Wn4BqQWPQOk8/npe2xn0dTVl8Egqgskb1czqOjEDmfGp6WVUywujJ8OpAkpUE+IoAAcA==]}
{"logTime": "1016/170207", "correlationVector":"xz2iuWH2EbhFGaJXCSJekA.2","action":"EncryptionKeysManager::SetEncryptionKeysWithTimestamps:", "result":"Success", "context":Key timestamps[5]:[2023-06-17T02:48:08Z][2023-12-17T14:59:18Z][2024-06-20T16:18:45Z][2024-12-22T15:42:54Z][2025-07-11T12:09:16Z]}
{"logTime": "1016/170207", "correlationVector":"fSFWE/zFMsfaAVNFRp9URr","action":"Initial GetUpdates", "result":"", "context":Reason: NEW_CLIENT. cV=fSFWE/zFMsfaAVNFRp9URr}
{"logTime": "1016/170207", "correlationVector":"fSFWE/zFMsfaAVNFRp9URr.3","action":"GetUpdates Response", "result":"Success", "context":Received 1 update(s). cV=fSFWE/zFMsfaAVNFRp9URr.0;server=akswtt019000021;cloudType=Consumer;environment=Prod_southindia_prod-s01-004-apac-southindia;migrationStage=NotStarted}
{"logTime": "1016/170207", "correlationVector":"yzXKZZcpxl8J+MXo7QNn5P","action":"Initial GetUpdates", "result":"", "context":Reason: NEWLY_SUPPORTED_DATATYPE. cV=yzXKZZcpxl8J+MXo7QNn5P}
{"logTime": "1016/170207", "correlationVector":"yzXKZZcpxl8J+MXo7QNn5P.1","action":"SyncServerConnectionManagerRequest", "result":"SYNC_SERVER_OK", "context":{"environment":"Prod_southindia_prod-s01-004-apac-southindia", "migrationStage":"NotStarted", "server":"akswtt01900002t"}}
{"logTime": "1016/170207", "correlationVector":"yzXKZZcpxl8J+MXo7QNn5P.2","action":"ProcessGetUpdates", "result":"Done", "context":{"dataType":"Preferences", "deleted":"0", "process_failed_to_decrypt":"0", "process_pending_decryption":"0", "process_success":"65", "total":"65"}}
{"logTime": "1016/170207", "correlationVector":"yzXKZZcpxl8J+MXo7QNn5P.3","action":"ProcessGetUpdates", "result":"Done", "context":{"dataType":"Passwords", "deleted":"0", "process_failed_to_decrypt":"0", "process_pending_decryption":"0", "process_success":"3", "total":"3"}}
{"logTime": "1016/170207", "correlationVector":"yzXKZZcpxl8J+MXo7QNn5P.4","action":"ProcessGetUpdates", "result":"Done", "context":{"dataType":"Device Info", "deleted":"0", "process_failed_to_decrypt":"0", "process_pending_decryption":"0", "process_success":"5", "total":"5"}}
{"logTime": "1016/170207", "correlationVector":"yzXKZZcpxl8J+MXo7QNn5P.5","action":"GetUpdates Response", "result":"Success", "context":Received 73 update(s). cV=yzXKZZcpxl8J+MXo7QNn5P.0;server=akswtt01900002t;cloudType=Consumer;environment=Prod_southindia_prod-s01-004-apac-southindia;migrationStage=NotStarted}
{"logTime": "1016/170207", "correlationVector":"H5W5Odpiq6wG7Y/coo4mvz","action":"Initial GetUpdates", "result":"", "context":Reason: NEWLY_SUPPORTED_DATATYPE. cV=H5W5Odpiq6wG7Y/coo4mvz}
{"logTime": "1016/170208", "correlationVector":"H5W5Odpiq6wG7Y/coo4mvz.1","action":"SyncServerConnectionManagerRequest", "result":"SYNC_SERVER_OK", "context":{"environment":"Prod_southindia_prod-s01-004-apac-southindia", "migrationStage":"NotStarted", "server":"akswtt019000000"}}
{"logTime": "1016/170208", "correlationVector":"H5W5Odpiq6wG7Y/coo4mvz.2","action":"ProcessGetUpdates", "result":"Done", "context":{"dataType":"Bookmarks", "deleted":"0", "process_failed_to_decrypt":"0", "process_pending_decryption":"0", "process_success":"10", "total":"10"}}
{"logTime": "1016/170208", "correlationVector":"H5W5Odpiq6wG7Y/coo4mvz.3","action":"GetUpdates Response", "result":"Success", "context":Received 10 update(s). cV=H5W5Odpiq6wG7Y/coo4mvz.0;server=akswtt019000000;cloudType=Consumer;environment=Prod_southindia_prod-s01-004-apac-southindia;migrationStage=NotStarted}
{"logTime": "1016/170208", "correlationVector":"KzKdG+molyRcN7bel6ZEfI","action":"Initial GetUpdates", "result":"", "context":Reason: NEWLY_SUPPORTED_DATATYPE. cV=KzKdG+molyRcN7bel6ZEfI}
{"logTime": "1016/170208", "correlationVector":"KzKdG+molyRcN7bel6ZEfI.1","action":"SyncServerConnectionManagerRequest", "result":"SYNC_SERVER_OK", "context":{"environment":"Prod_southindia_prod-s01-004-apac-southindia", "migrationStage":"NotStarted", "server":"akswtt01900003i"}}
{"logTime": "1016/170208", "correlationVector":"KzKdG+molyRcN7bel6ZEfI.2","action":"ProcessGetUpdates", "result":"Done", "context":{"dataType":"Autofill Profiles", "deleted":"0", "process_failed_to_decrypt":"0", "process_pending_decryption":"0", "process_success":"6", "total":"6"}}
{"logTime": "1016/170208", "correlationVector":"KzKdG+molyRcN7bel6ZEfI.3","action":"ProcessGetUpdates", "result":"Done", "context":{"dataType":"Autofill", "deleted":"0", "process_failed_to_decrypt":"0", "process_pending_decryption":"0", "process_success":"25", "total":"25"}}
{"logTime": "1016/170208", "correlationVector":"KzKdG+molyRcN7bel6ZEfI.4","action":"ProcessGetUpdates", "result":"Done", "context":{"dataType":"Sessions", "deleted":"34", "process_failed_to_decrypt":"0", "process_pending_decryption":"0", "process_success":"45", "total":"45"}}
{"logTime": "1016/170208", "correlationVector":"KzKdG+molyRcN7bel6ZEfI.5","action":"ProcessGetUpdates", "result":"Done", "context":{"dataType":"Edge Hub App Usage", "deleted":"0", "process_failed_to_decrypt":"0", "process_pending_decryption":"0", "process_success":"5", "total":"5"}}
{"logTime": "1016/170208", "correlationVector":"KzKdG+molyRcN7bel6ZEfI.6","action":"GetUpdates Response", "result":"Success", "context":Received 81 update(s). cV=KzKdG+molyRcN7bel6ZEfI.0;server=akswtt01900003i;cloudType=Consumer;environment=Prod_southindia_prod-s01-004-apac-southindia;migrationStage=NotStarted}
{"logTime": "1016/170208", "correlationVector":"q3t/AMf6FuYBS9hgGoOOak","action":"Initial GetUpdates", "result":"", "context":Reason: NEWLY_SUPPORTED_DATATYPE. cV=q3t/AMf6FuYBS9hgGoOOak}
{"logTime": "1016/170208", "correlationVector":"q3t/AMf6FuYBS9hgGoOOak.1","action":"SyncServerConnectionManagerRequest", "result":"SYNC_SERVER_OK", "context":{"environment":"Prod_southindia_prod-s01-004-apac-southindia", "migrationStage":"NotStarted", "server":"akswtt019000005"}}
{"logTime": "1016/170208", "correlationVector":"q3t/AMf6FuYBS9hgGoOOak.2","action":"ProcessGetUpdates", "result":"Done", "context":{"dataType":"History", "deleted":"0", "process_failed_to_decrypt":"0", "process_pending_decryption":"0", "process_success":"61", "total":"61"}}
{"logTime": "1016/170208", "correlationVector":"q3t/AMf6FuYBS9hgGoOOak.3","action":"GetUpdates Response", "result":"Success", "context":Received 61 update(s). cV=q3t/AMf6FuYBS9hgGoOOak.0;server=akswtt019000005;cloudType=Consumer;environment=Prod_southindia_prod-s01-004-apac-southindia;migrationStage=NotStarted}
{"logTime": "1016/170208", "correlationVector":"ExERa43T8zKF0b8u8hmWHH","action":"Normal GetUpdate request", "result":"", "context":cV=ExERa43T8zKF0b8u8hmWHH
Nudged types: Preferences, Sessions, Device Info, User Consents
Refresh requested types: Bookmarks, Preferences, Passwords, Autofill Profiles, Autofill, Extensions, Sessions, Extension settings, History Delete Directives, Device Info, User Consents, Send Tab To Self, Web Apps, History, Saved Tab Group, WebAuthn Credentials, Collection, Edge E Drop, Edge Hub App Usage, Edge Wallet, Encryption Keys}
{"logTime": "1016/170209", "correlationVector":"ExERa43T8zKF0b8u8hmWHH.1","action":"SyncServerConnectionManagerRequest", "result":"SYNC_SERVER_OK", "context":{"environment":"Prod_southindia_prod-s01-004-apac-southindia", "migrationStage":"NotStarted", "server":"akswtt019000023"}}
{"logTime": "1016/170209", "correlationVector":"ExERa43T8zKF0b8u8hmWHH.2","action":"GetUpdates Response", "result":"Success", "context":Received 0 update(s). cV=ExERa43T8zKF0b8u8hmWHH.0;server=akswtt019000023;cloudType=Consumer;environment=Prod_southindia_prod-s01-004-apac-southindia;migrationStage=NotStarted}
{"logTime": "1016/170209", "correlationVector":"SiLuhWla/vJUz2AaNMtpxo","action":"Commit Request", "result":"", "context":Item count: 6
Contributing types: Preferences, Sessions, Device Info, User Consents}
{"logTime": "1016/170209", "correlationVector":"SiLuhWla/vJUz2AaNMtpxo.1","action":"SyncServerConnectionManagerRequest", "result":"SYNC_SERVER_OK", "context":{"environment":"Prod_southindia_prod-s01-004-apac-southindia", "migrationStage":"NotStarted", "server":"akswtt01900001l"}}
{"logTime": "1016/170209", "correlationVector":"SiLuhWla/vJUz2AaNMtpxo.2","action":"Commit Response", "result":"Success", "context":Result: Success. cV=SiLuhWla/vJUz2AaNMtpxo.0;server=akswtt01900001l;cloudType=Consumer;environment=Prod_southindia_prod-s01-004-apac-southindia;migrationStage=NotStarted}
{"logTime": "1016/170212", "correlationVector":"6VYvCp82bfrMu9LWmFxPe1","action":"Commit Request", "result":"", "context":Item count: 1
Contributing types: Edge Hub App Usage}
{"logTime": "1016/170212", "correlationVector":"6VYvCp82bfrMu9LWmFxPe1.1","action":"SyncServerConnectionManagerRequest", "result":"SYNC_SERVER_OK", "context":{"environment":"Prod_southindia_prod-s01-004-apac-southindia", "migrationStage":"NotStarted", "server":"akswtt019000031"}}
{"logTime": "1016/170212", "correlationVector":"6VYvCp82bfrMu9LWmFxPe1.2","action":"Commit Response", "result":"Success", "context":Result: Success. cV=6VYvCp82bfrMu9LWmFxPe1.0;server=akswtt019000031;cloudType=Consumer;environment=Prod_southindia_prod-s01-004-apac-southindia;migrationStage=NotStarted}
{"logTime": "1016/170303", "correlationVector":"a+cyIiTUDQwGnvh5jd9De8","action":"Commit Request", "result":"", "context":Item count: 4
Contributing types: Passwords, Sessions, History}
{"logTime": "1016/170304", "correlationVector":"a+cyIiTUDQwGnvh5jd9De8.1","action":"SyncServerConnectionManagerRequest", "result":"SYNC_SERVER_OK", "context":{"environment":"Prod_southindia_prod-s01-004-apac-southindia", "migrationStage":"NotStarted", "server":"akswtt01900002g"}}
{"logTime": "1016/170304", "correlationVector":"a+cyIiTUDQwGnvh5jd9De8.2","action":"Commit Response", "result":"Success", "context":Result: Success. cV=a+cyIiTUDQwGnvh5jd9De8.0;server=akswtt01900002g;cloudType=Consumer;environment=Prod_southindia_prod-s01-004-apac-southindia;migrationStage=NotStarted}
{"logTime": "1016/170504", "correlationVector":"+kt1kQFMdgHNi8GqKhNo9i","action":"Commit Request", "result":"", "context":Item count: 3
Contributing types: Sessions, History}
{"logTime": "1016/170505", "correlationVector":"+kt1kQFMdgHNi8GqKhNo9i.1","action":"SyncServerConnectionManagerRequest", "result":"SYNC_SERVER_OK", "context":{"environment":"Prod_southindia_prod-s01-004-apac-southindia", "migrationStage":"NotStarted", "server":"akswtt01900002t"}}
{"logTime": "1016/170505", "correlationVector":"+kt1kQFMdgHNi8GqKhNo9i.2","action":"Commit Response", "result":"Success", "context":Result: Success. cV=+kt1kQFMdgHNi8GqKhNo9i.0;server=akswtt01900002t;cloudType=Consumer;environment=Prod_southindia_prod-s01-004-apac-southindia;migrationStage=NotStarted}
{"logTime": "1016/170701", "correlationVector":"xPJZYR+NNb+/bfQbEdtTWp","action":"Commit Request", "result":"", "context":Item count: 4
Contributing types: Sessions, History}
{"logTime": "1016/170702", "correlationVector":"xPJZYR+NNb+/bfQbEdtTWp.1","action":"SyncServerConnectionManagerRequest", "result":"SYNC_SERVER_OK", "context":{"environment":"Prod_southindia_prod-s01-004-apac-southindia", "migrationStage":"NotStarted", "server":"akswtt01900001t"}}
{"logTime": "1016/170702", "correlationVector":"xPJZYR+NNb+/bfQbEdtTWp.2","action":"Commit Response", "result":"Success", "context":Result: Success. cV=xPJZYR+NNb+/bfQbEdtTWp.0;server=akswtt01900001t;cloudType=Consumer;environment=Prod_southindia_prod-s01-004-apac-southindia;migrationStage=NotStarted}
{"logTime": "1016/170859", "correlationVector":"bsAFZ5T5qL8x7+i4AD9tJs","action":"Commit Request", "result":"", "context":Item count: 1
Contributing types: Sessions}
{"logTime": "1016/170900", "correlationVector":"bsAFZ5T5qL8x7+i4AD9tJs.1","action":"SyncServerConnectionManagerRequest", "result":"SYNC_SERVER_OK", "context":{"environment":"Prod_southindia_prod-s01-004-apac-southindia", "migrationStage":"NotStarted", "server":"akswtt01900002y"}}
{"logTime": "1016/170900", "correlationVector":"bsAFZ5T5qL8x7+i4AD9tJs.2","action":"Commit Response", "result":"Success", "context":Result: Success. cV=bsAFZ5T5qL8x7+i4AD9tJs.0;server=akswtt01900002y;cloudType=Consumer;environment=Prod_southindia_prod-s01-004-apac-southindia;migrationStage=NotStarted}
{"logTime": "1016/171124", "correlationVector":"qioeg+Z3f3DobrbStV+6GF","action":"Commit Request", "result":"", "context":Item count: 1
Contributing types: Sessions}
{"logTime": "1016/171125", "correlationVector":"qioeg+Z3f3DobrbStV+6GF.1","action":"SyncServerConnectionManagerRequest", "result":"SYNC_SERVER_OK", "context":{"environment":"Prod_southindia_prod-s01-004-apac-southindia", "migrationStage":"NotStarted", "server":"akswtt019000001"}}
{"logTime": "1016/171125", "correlationVector":"qioeg+Z3f3DobrbStV+6GF.2","action":"Commit Response", "result":"Success", "context":Result: Success. cV=qioeg+Z3f3DobrbStV+6GF.0;server=akswtt019000001;cloudType=Consumer;environment=Prod_southindia_prod-s01-004-apac-southindia;migrationStage=NotStarted}
{"logTime": "1016/171339", "correlationVector":"1TAyrwEGAU92Zla7vajJ2A","action":"Commit Request", "result":"", "context":Item count: 1
Contributing types: Sessions}
{"logTime": "1016/171339", "correlationVector":"1TAyrwEGAU92Zla7vajJ2A.1","action":"SyncServerConnectionManagerRequest", "result":"SYNC_SERVER_OK", "context":{"environment":"Prod_southindia_prod-s01-004-apac-southindia", "migrationStage":"NotStarted", "server":"akswtt019000037"}}
{"logTime": "1016/171339", "correlationVector":"1TAyrwEGAU92Zla7vajJ2A.2","action":"Commit Response", "result":"Success", "context":Result: Success. cV=1TAyrwEGAU92Zla7vajJ2A.0;server=akswtt019000037;cloudType=Consumer;environment=Prod_southindia_prod-s01-004-apac-southindia;migrationStage=NotStarted}
